

analyze_feedback called at timestamp... length: 165676

==================================================
ADVANCED NLP EXTRACTION START. Text length: 165676

analyze_feedback called at timestamp... length: 149208

==================================================
ADVANCED NLP EXTRACTION START. Text length: 149208

analyze_feedback called at timestamp... length: 345121

==================================================
ADVANCED NLP EXTRACTION START. Text length: 345121

analyze_feedback called at timestamp... length: 77367

==================================================
ADVANCED NLP EXTRACTION START. Text length: 77367

analyze_feedback called at timestamp... length: 149208

==================================================
ADVANCED NLP EXTRACTION START. Text length: 149208

analyze_feedback called at timestamp... length: 345121

==================================================
ADVANCED NLP EXTRACTION START. Text length: 345121

analyze_feedback called at timestamp... length: 77367

==================================================
ADVANCED NLP EXTRACTION START. Text length: 77367

analyze_feedback called at timestamp... length: 243

==================================================
ADVANCED NLP EXTRACTION START. Text length: 243

analyze_feedback called at timestamp... length: 243

==================================================
ADVANCED NLP EXTRACTION START. Text length: 243

analyze_feedback called at timestamp... length: 92766

==================================================
ADVANCED NLP EXTRACTION START. Text length: 92766

analyze_feedback called at timestamp... length: 21485

==================================================
ADVANCED NLP EXTRACTION START. Text length: 21485

analyze_feedback called at timestamp... length: 6595

==================================================
ADVANCED NLP EXTRACTION START. Text length: 6595

analyze_feedback called at timestamp... length: 4925

==================================================
ADVANCED NLP EXTRACTION START. Text length: 4925

analyze_feedback called at timestamp... length: 2133

==================================================
ADVANCED NLP EXTRACTION START. Text length: 2133

analyze_feedback called at timestamp... length: 384

==================================================
ADVANCED NLP EXTRACTION START. Text length: 384

analyze_feedback called at timestamp... length: 92766

==================================================
ADVANCED NLP EXTRACTION START. Text length: 92766

analyze_feedback called at timestamp... length: 21485

==================================================
ADVANCED NLP EXTRACTION START. Text length: 21485

analyze_feedback called at timestamp... length: 92766

==================================================
ADVANCED NLP EXTRACTION START. Text length: 92766

analyze_feedback called at timestamp... length: 21485

==================================================
ADVANCED NLP EXTRACTION START. Text length: 21485

analyze_feedback called at timestamp... length: 384

==================================================
ADVANCED NLP EXTRACTION START. Text length: 384

analyze_feedback called at timestamp... length: 92766

==================================================
ADVANCED NLP EXTRACTION START. Text length: 92766

analyze_feedback called at timestamp... length: 21485

==================================================
ADVANCED NLP EXTRACTION START. Text length: 21485

analyze_feedback called at timestamp... length: 92766

==================================================
ADVANCED NLP EXTRACTION START. Text length: 92766

analyze_feedback called at timestamp... length: 21485

==================================================
ADVANCED NLP EXTRACTION START. Text length: 21485

analyze_feedback called at timestamp... length: 4155

==================================================
ADVANCED NLP EXTRACTION START. Text length: 4155

analyze_feedback called at timestamp... length: 4925

==================================================
ADVANCED NLP EXTRACTION START. Text length: 4925

analyze_feedback called at timestamp... length: 2596

==================================================
ADVANCED NLP EXTRACTION START. Text length: 2596

analyze_feedback called at timestamp... length: 92766

==================================================
ADVANCED NLP EXTRACTION START. Text length: 92766

analyze_feedback called at timestamp... length: 21485

==================================================
ADVANCED NLP EXTRACTION START. Text length: 21485

analyze_feedback called at timestamp... length: 338

==================================================
ADVANCED NLP EXTRACTION START. Text length: 338

analyze_feedback called at timestamp... length: 338

==================================================
ADVANCED NLP EXTRACTION START. Text length: 338

analyze_feedback called at timestamp... length: 92766

==================================================
ADVANCED NLP EXTRACTION START. Text length: 92766

analyze_feedback called at timestamp... length: 21485

==================================================
ADVANCED NLP EXTRACTION START. Text length: 21485

analyze_feedback called at timestamp... length: 4849

==================================================
ADVANCED NLP EXTRACTION START. Text length: 4849

analyze_feedback called at timestamp... length: 3591

==================================================
ADVANCED NLP EXTRACTION START. Text length: 3591

analyze_feedback called at timestamp... length: 2133

==================================================
ADVANCED NLP EXTRACTION START. Text length: 2133

analyze_feedback called at timestamp... length: 92766

==================================================
ADVANCED NLP EXTRACTION START. Text length: 92766

analyze_feedback called at timestamp... length: 21485

==================================================
ADVANCED NLP EXTRACTION START. Text length: 21485

analyze_feedback called at timestamp... length: 92766

==================================================
ADVANCED NLP EXTRACTION START. Text length: 92766

analyze_feedback called at timestamp... length: 21485

==================================================
ADVANCED NLP EXTRACTION START. Text length: 21485

analyze_feedback called at timestamp... length: 336

==================================================
ADVANCED NLP EXTRACTION START. Text length: 336

analyze_feedback called at timestamp... length: 92766

==================================================
ADVANCED NLP EXTRACTION START. Text length: 92766

analyze_feedback called at timestamp... length: 21485

==================================================
ADVANCED NLP EXTRACTION START. Text length: 21485

analyze_feedback called at timestamp... length: 92766

==================================================
ADVANCED NLP EXTRACTION START. Text length: 92766

analyze_feedback called at timestamp... length: 21485

==================================================
ADVANCED NLP EXTRACTION START. Text length: 21485

analyze_feedback called at timestamp... length: 92766

==================================================
ADVANCED NLP EXTRACTION START. Text length: 92766

analyze_feedback called at timestamp... length: 21485

==================================================
ADVANCED NLP EXTRACTION START. Text length: 21485

analyze_feedback called at timestamp... length: 92766

==================================================
ADVANCED NLP EXTRACTION START. Text length: 92766

analyze_feedback called at timestamp... length: 21485

==================================================
ADVANCED NLP EXTRACTION START. Text length: 21485

analyze_feedback called at timestamp... length: 149208

==================================================
ADVANCED NLP EXTRACTION START. Text length: 149208

analyze_feedback called at timestamp... length: 345121

==================================================
ADVANCED NLP EXTRACTION START. Text length: 345121

analyze_feedback called at timestamp... length: 77367

==================================================
ADVANCED NLP EXTRACTION START. Text length: 77367

analyze_feedback called at timestamp... length: 51240

==================================================
ADVANCED NLP EXTRACTION START. Text length: 51240

analyze_feedback called at timestamp... length: 51240

==================================================
ADVANCED NLP EXTRACTION START. Text length: 51240

analyze_feedback called at timestamp... length: 72307

==================================================
ADVANCED NLP EXTRACTION START. Text length: 72307

analyze_feedback called at timestamp... length: 191004

==================================================
ADVANCED NLP EXTRACTION START. Text length: 191004

analyze_feedback called at timestamp... length: 165676

==================================================
ADVANCED NLP EXTRACTION START. Text length: 165676

analyze_feedback called at timestamp... length: 92766

==================================================
ADVANCED NLP EXTRACTION START. Text length: 92766

analyze_feedback called at timestamp... length: 21485

==================================================
ADVANCED NLP EXTRACTION START. Text length: 21485

analyze_feedback called at timestamp... length: 92766

==================================================
ADVANCED NLP EXTRACTION START. Text length: 92766

analyze_feedback called at timestamp... length: 21485

==================================================
ADVANCED NLP EXTRACTION START. Text length: 21485

analyze_feedback called at timestamp... length: 92766

==================================================
ADVANCED NLP EXTRACTION START. Text length: 92766

analyze_feedback called at timestamp... length: 21485

==================================================
ADVANCED NLP EXTRACTION START. Text length: 21485

analyze_feedback called at timestamp... length: 92766

==================================================
ADVANCED NLP EXTRACTION START. Text length: 92766

analyze_feedback called at timestamp... length: 92766

==================================================
ADVANCED NLP EXTRACTION START. Text length: 92766

analyze_feedback called at timestamp... length: 92766

==================================================
ADVANCED NLP EXTRACTION START. Text length: 92766

analyze_feedback called at timestamp... length: 92766

==================================================
ADVANCED NLP EXTRACTION START. Text length: 92766
ROUTER: analyze_feedback finished. Tech Qs found: 0
ROUTER: find_one finished. Found existing insights? False
ROUTER: Creating NEW insights. Tech Qs: 0

analyze_feedback called at timestamp... length: 92766

==================================================
ADVANCED NLP EXTRACTION START. Text length: 92766

analyze_feedback called at timestamp... length: 21485

==================================================
ADVANCED NLP EXTRACTION START. Text length: 21485

analyze_feedback called at timestamp... length: 92766

==================================================
ADVANCED NLP EXTRACTION START. Text length: 92766

analyze_feedback called at timestamp... length: 21485

==================================================
ADVANCED NLP EXTRACTION START. Text length: 21485

analyze_feedback called at timestamp... length: 92766

==================================================
ADVANCED NLP EXTRACTION START. Text length: 92766
ROUTER: analyze_feedback finished. Tech Qs found: 0
ROUTER: find_one finished. Found existing insights? False
ROUTER: Creating NEW insights. Tech Qs: 0

analyze_feedback called at timestamp... length: 92766

==================================================
ADVANCED NLP EXTRACTION START. Text length: 92766
ROUTER: analyze_feedback finished. Tech Qs found: 0
ROUTER: find_one finished. Found existing insights? False
ROUTER: Creating NEW insights. Tech Qs: 0

analyze_feedback called at timestamp... length: 21485

==================================================
ADVANCED NLP EXTRACTION START. Text length: 21485
ROUTER: analyze_feedback finished. Tech Qs found: 0
ROUTER: find_one finished. Found existing insights? True

ROUTER: STARTING Technical Question Merge. Current count: 0, New from PDF: 0
ROUTER: Technical Merge DONE. Final count: 0

analyze_feedback called at timestamp... length: 92766

==================================================
ADVANCED NLP EXTRACTION START. Text length: 92766
ROUTER: analyze_feedback finished. Tech Qs found: 0
ROUTER: find_one finished. Found existing insights? False
ROUTER: Creating NEW insights. Tech Qs: 0

analyze_feedback called at timestamp... length: 21485

==================================================
ADVANCED NLP EXTRACTION START. Text length: 21485
ROUTER: analyze_feedback finished. Tech Qs found: 0
ROUTER: find_one finished. Found existing insights? True

ROUTER: STARTING Technical Question Merge. Current count: 0, New from PDF: 0
ROUTER: Technical Merge DONE. Final count: 0

analyze_feedback called at timestamp... length: 92766

==================================================
ADVANCED NLP EXTRACTION START. Text length: 92766
ROUTER: analyze_feedback finished. Tech Qs found: 0
ROUTER: find_one finished. Found existing insights? False
ROUTER: Creating NEW insights. Tech Qs: 0

analyze_feedback called at timestamp... length: 21485

==================================================
ADVANCED NLP EXTRACTION START. Text length: 21485
ROUTER: analyze_feedback finished. Tech Qs found: 0
ROUTER: find_one finished. Found existing insights? True

ROUTER: STARTING Technical Question Merge. Current count: 0, New from PDF: 0
ROUTER: Technical Merge DONE. Final count: 0

analyze_feedback called at timestamp... length: 92766

==================================================
ADVANCED NLP EXTRACTION START. Text length: 92766
ROUTER: analyze_feedback finished. Tech Qs found: 0
ROUTER: find_one finished. Found existing insights? True

ROUTER: STARTING Technical Question Merge. Current count: 0, New from PDF: 0
ROUTER: Technical Merge DONE. Final count: 0

analyze_feedback called at timestamp... length: 21485

==================================================
ADVANCED NLP EXTRACTION START. Text length: 21485
ROUTER: analyze_feedback finished. Tech Qs found: 0
ROUTER: find_one finished. Found existing insights? True

ROUTER: STARTING Technical Question Merge. Current count: 0, New from PDF: 0
ROUTER: Technical Merge DONE. Final count: 0

==================================================
ADVANCED NLP EXTRACTION START. Text length: 34160

==================================================
ADVANCED NLP EXTRACTION START. Text length: 80051

==================================================
ADVANCED NLP EXTRACTION START. Text length: 18730

==================================================
ADVANCED NLP EXTRACTION START. Text length: 10694

==================================================
ADVANCED NLP EXTRACTION START. Text length: 10694

==================================================
ADVANCED NLP EXTRACTION START. Text length: 15358

==================================================
ADVANCED NLP EXTRACTION START. Text length: 44356

==================================================
ADVANCED NLP EXTRACTION START. Text length: 35276

==================================================
ADVANCED NLP EXTRACTION START. Text length: 13177

==================================================
ADVANCED NLP EXTRACTION START. Text length: 34160

==================================================
ADVANCED NLP EXTRACTION START. Text length: 80051

==================================================
ADVANCED NLP EXTRACTION START. Text length: 18730

==================================================
ADVANCED NLP EXTRACTION START. Text length: 34160

==================================================
ADVANCED NLP EXTRACTION START. Text length: 80051

==================================================
ADVANCED NLP EXTRACTION START. Text length: 18730

==================================================
ADVANCED NLP EXTRACTION START. Text length: 34160

==================================================
ADVANCED NLP EXTRACTION START. Text length: 80051

==================================================
ADVANCED NLP EXTRACTION START. Text length: 18730

==================================================
ADVANCED NLP EXTRACTION START. Text length: 35276

==================================================
ADVANCED NLP EXTRACTION START. Text length: 35276

==================================================
ADVANCED NLP EXTRACTION START. Text length: 35276

==================================================
ADVANCED NLP EXTRACTION START. Text length: 35276

==================================================
ADVANCED NLP EXTRACTION START. Text length: 35276

==================================================
ADVANCED NLP EXTRACTION START. Text length: 35276

==================================================
ADVANCED NLP EXTRACTION START. Text length: 35276

==================================================
ADVANCED NLP EXTRACTION START. Text length: 35276

==================================================
ADVANCED NLP EXTRACTION START. Text length: 35276

==================================================
ADVANCED NLP EXTRACTION START. Text length: 35276

==================================================
ADVANCED NLP EXTRACTION START. Text length: 35276

==================================================
ADVANCED NLP EXTRACTION START. Text length: 35276

==================================================
ADVANCED NLP EXTRACTION START. Text length: 149208

==================================================
ADVANCED NLP EXTRACTION START. Text length: 345121

==================================================
ADVANCED NLP EXTRACTION START. Text length: 77367

==================================================
ADVANCED NLP EXTRACTION START. Text length: 149208

==================================================
ADVANCED NLP EXTRACTION START. Text length: 345121

==================================================
ADVANCED NLP EXTRACTION START. Text length: 77367

==================================================
ADVANCED NLP EXTRACTION START. Text length: 92766

==================================================
ADVANCED NLP EXTRACTION START. Text length: 21485

==================================================
ADVANCED NLP EXTRACTION START. Text length: 92766

==================================================
ADVANCED NLP EXTRACTION START. Text length: 21485

==================================================
ADVANCED NLP EXTRACTION START. Text length: 92766

==================================================
ADVANCED NLP EXTRACTION START. Text length: 21485

==================================================
ADVANCED NLP EXTRACTION START. Text length: 92766

==================================================
ADVANCED NLP EXTRACTION START. Text length: 21485

==================================================
ADVANCED NLP EXTRACTION START. Text length: 92766

==================================================
ADVANCED NLP EXTRACTION START. Text length: 21485

==================================================
ADVANCED NLP EXTRACTION START. Text length: 149208

==================================================
ADVANCED NLP EXTRACTION START. Text length: 345121

==================================================
ADVANCED NLP EXTRACTION START. Text length: 77367

==================================================
ADVANCED NLP EXTRACTION START. Text length: 51240

==================================================
ADVANCED NLP EXTRACTION START. Text length: 51240

==================================================
ADVANCED NLP EXTRACTION START. Text length: 72307

==================================================
ADVANCED NLP EXTRACTION START. Text length: 191004

analyze_feedback called at timestamp... length: 92766

==================================================
ADVANCED NLP EXTRACTION START. Text length: 92766
ROUTER: analyze_feedback finished. Tech Qs found: 0
ROUTER: find_one finished. Found existing insights? False
ROUTER: Creating NEW insights. Tech Qs: 0

==================================================
ADVANCED NLP EXTRACTION START. Text length: 92766

analyze_feedback called at timestamp... length: 21485

==================================================
ADVANCED NLP EXTRACTION START. Text length: 21485
ROUTER: analyze_feedback finished. Tech Qs found: 0
ROUTER: find_one finished. Found existing insights? True

ROUTER: STARTING Technical Question Merge. Current count: 0, New from PDF: 0
ROUTER: Technical Merge DONE. Final count: 0

==================================================
ADVANCED NLP EXTRACTION START. Text length: 21485

==================================================
ADVANCED NLP EXTRACTION START. Text length: 92766

==================================================
ADVANCED NLP EXTRACTION START. Text length: 21485

==================================================
ADVANCED NLP EXTRACTION START. Text length: 92766

==================================================
ADVANCED NLP EXTRACTION START. Text length: 21485

==================================================
ADVANCED NLP EXTRACTION START. Text length: 92766

==================================================
ADVANCED NLP EXTRACTION START. Text length: 21485

==================================================
ADVANCED NLP EXTRACTION START. Text length: 92766

==================================================
ADVANCED NLP EXTRACTION START. Text length: 21485

==================================================
ADVANCED NLP EXTRACTION START. Text length: 92766

==================================================
ADVANCED NLP EXTRACTION START. Text length: 21485

==================================================
ADVANCED NLP EXTRACTION START. Text length: 114253

==================================================
ADVANCED NLP EXTRACTION START. Text length: 92766

==================================================
ADVANCED NLP EXTRACTION START. Text length: 21485

analyze_feedback called at timestamp... length: 92766

==================================================
ADVANCED NLP EXTRACTION START. Text length: 92766
ROUTER: analyze_feedback finished. Tech Qs found: 0
ROUTER: find_one finished. Found existing insights? False
ROUTER: Creating NEW insights. Tech Qs: 0

analyze_feedback called at timestamp... length: 21485

==================================================
ADVANCED NLP EXTRACTION START. Text length: 21485
ROUTER: analyze_feedback finished. Tech Qs found: 0
ROUTER: find_one finished. Found existing insights? True

ROUTER: STARTING Technical Question Merge. Current count: 0, New from PDF: 0
ROUTER: Technical Merge DONE. Final count: 0

analyze_feedback called at timestamp... length: 4155

==================================================
ADVANCED NLP EXTRACTION START. Text length: 4155

analyze_feedback called at timestamp... length: 6595

==================================================
ADVANCED NLP EXTRACTION START. Text length: 6595

analyze_feedback called at timestamp... length: 3591

==================================================
ADVANCED NLP EXTRACTION START. Text length: 3591

analyze_feedback called at timestamp... length: 85850

==================================================
ADVANCED NLP EXTRACTION START. Text length: 85850
ROUTER: analyze_feedback finished. Tech Qs found: 0
ROUTER: find_one finished. Found existing insights? False
ROUTER: Creating NEW insights. Tech Qs: 0

analyze_feedback called at timestamp... length: 67245

==================================================
ADVANCED NLP EXTRACTION START. Text length: 67245
ROUTER: analyze_feedback finished. Tech Qs found: 0
ROUTER: find_one finished. Found existing insights? True

ROUTER: STARTING Technical Question Merge. Current count: 0, New from PDF: 0
ROUTER: Technical Merge DONE. Final count: 0

analyze_feedback called at timestamp... length: 30958

==================================================
ADVANCED NLP EXTRACTION START. Text length: 30958

analyze_feedback called at timestamp... length: 2740

==================================================
ADVANCED NLP EXTRACTION START. Text length: 2740

analyze_feedback called at timestamp... length: 1840

==================================================
ADVANCED NLP EXTRACTION START. Text length: 1840
