
==================================================
INPUT TEXT PREVIEW: COIMBATORE INSTITUTE OF TECHNOLOGY, COIMBATORE-641014 
(Government Aided Autonomous Institution, Affiliated to Anna University, Chennai) 
DEPARTMENT OF PLACEMENT CELL 
ACADEMIC YEAR 2025-26 
STUDENT FEEDBACK 
 
Student Name  
 
: 
Elankumaran K 
Roll number   
 
: 
71762207011 
Department   
 
: 
B.Tech IT 
Personal email id  
 
: 
elankumarank27@gmail.com 
Contact number  
 
: 
7604992336 
Company name  
 
: 
ZOHO 
Company type  
 
: 
IT – Non-Dream 
Salary (ctc)   
 
: 
8.4 LPA 
Intern offered...
TEXT LENGTH: 35276
EXTRACTED UNIQUE QUESTIONS COUNT: 22
 - [Binary] Given an array arr[] and an...
 - [Recursion] Given an N x M matrix of integers,...
 - [Reference] Given a text t and a pattern p where t...
 - [Reference] Given a number n, write a program to...
 - [Reference] Given a string word consisting of...
 - [Reference] Explain your project and its...
 - [Thread] What is process and thread?...
 - [OOPS] What are the four pillars of OOPS?...
 - [OOPS] Explain each with example....
 - [OOPS] What is the difference between...
 - [OOPS] Give the real-life example where will...
 - [Inheritance] What are the types of inheritance?...
 - [Inheritance] Explain multilevel inheritance with...
 - [Try] Explain try and catch....
 - [Finally] What is the use of finally?...
 - [Throw] Explain throw, throws, what is the...
 - [Exception] difference between them?...
 - [Abstract] Can we create object for abstract class?...
 - [Exception] What is the difference between string,...
 - [Exception] Given two hourglasses of 4 minutes...
 - [Reference] Given a 3x3 cube and 3-minute & 5-...
 - [Reference] Given a requirement to design a food...
==================================================
