Starting Upskill Backend Server...

Activating virtual environment...

Starting uvicorn server...
INFO:     Will watch for changes in these directories: ['D:\\Upskill_github\\Upskill\\backend']
INFO:     Uvicorn running on http://0.0.0.0:8000 (Press CTRL+C to quit)
INFO:     Started reloader process [24300] using WatchFiles
INFO:     Started server process [29672]
INFO:     Waiting for application startup.
INFO:app.main:Starting up application...
INFO:app.database:Connected to MongoDB: upskill_db
INFO:app.main:Database connected successfully
INFO:     Application startup complete.
Traceback (most recent call last):
  File "D:\Upskill_github\Upskill\backend\app\routers\company.py", line 74, in upload_feedback
    text = DocumentProcessor.extract_text(file_path)
           ^^^^^^^^^^^^^^^^^^^^^^^^^^^^^^^^^^^^^^^^^
  File "D:\Upskill_github\Upskill\backend\app\services\document_processor.py", line 15, in extract_text
    import pdfplumber
ModuleNotFoundError: No module named 'pdfplumber'


DEBUG: Running from D:\Upskill_github\Upskill\backend\venv\Scripts\python.exe
DEBUG: sys.path[0:3]: ['D:\\Upskill_github\\Upskill\\backend', 'D:\\Upskill_github\\Upskill\\backend', 'C:\\Users\\Ranjit\\AppData\\Local\\Programs\\Python\\Python311\\python311.zip']



[CRITICAL DEBUG] upload_feedback called for company: 69875c7cf9f6c10cf3003119 with 1 files
Received upload request: company_id=69875c7cf9f6c10cf3003119, uploader_id=test_admin, file_count=1
[ERROR] Failed to process 1771784459.694956_1771784303.603526_1771784240.761849_1771782646.602822_1771782370.188916_1771782141.645962_1771780138.375734_ZOHO_FB.pdf: No module named 'pdfplumber'
INFO:     127.0.0.1:57252 - "POST /companies/69875c7cf9f6c10cf3003119/feedback HTTP/1.1" 200 OK
WARNING:  WatchFiles detected changes in 'venv\Lib\site-packages\pypdfium2\_helpers\page.py', 'venv\Lib\site-packages\pypdfium2\raw.py', 'venv\Lib\site-packages\pypdfium2\_cli\toc.py', 'venv\Lib\site-packages\pypdfium2\_helpers\misc.py', 'venv\Lib\site-packages\pypdfium2\_helpers\pageobjects.py', 'venv\Lib\site-packages\pypdfium2_raw\__init__.py', 'venv\Lib\site-packages\pypdfium2\_cli\extract_images.py', 'venv\Lib\site-packages\pypdfium2\_helpers\attachment.py', 'venv\Lib\site-packages\pypdfium2\_helpers\textpage.py', 'venv\Lib\site-packages\pypdfium2\__main__.py', 'venv\Lib\site-packages\pypdfium2\_helpers\unsupported.py', 'venv\Lib\site-packages\pypdfium2\_helpers\document.py', 'venv\Lib\site-packages\pypdfium2\_cli\pdfinfo.py', 'venv\Lib\site-packages\pypdfium2\_lazy.py', 'venv\Lib\site-packages\pypdfium2\_cli\attachments.py', 'venv\Lib\site-packages\pypdfium2\internal\consts.py', 'venv\Lib\site-packages\pypdfium2\_helpers\bitmap.py', 'venv\Lib\site-packages\pypdfium2\internal\bases.py', 'venv\Lib\site-packages\pypdfium2\version.py', 'venv\Lib\site-packages\pypdfium2\internal\__init__.py', 'venv\Lib\site-packages\pypdfium2\_cli\render.py', 'venv\Lib\site-packages\pypdfium2\_cli\imgtopdf.py', 'venv\Lib\site-packages\pypdfium2\__init__.py', 'venv\Lib\site-packages\pypdfium2\_cli\extract_text.py', 'venv\Lib\site-packages\pypdfium2\internal\utils.py', 'venv\Lib\site-packages\pypdfium2\_helpers\matrix.py', 'venv\Lib\site-packages\pypdfium2\_library_scope.py', 'venv\Lib\site-packages\pypdfium2\_cli\_parsers.py', 'venv\Lib\site-packages\pypdfium2\_cli\__init__.py', 'venv\Lib\site-packages\pypdfium2_raw\bindings.py', 'venv\Lib\site-packages\pypdfium2\_cli\arrange.py', 'venv\Lib\site-packages\pypdfium2\_cli\pageobjects.py', 'venv\Lib\site-packages\pypdfium2\_helpers\__init__.py', 'venv\Lib\site-packages\pypdfium2\_cli\tile.py'. Reloading...
^C